<?xml version="1.0" encoding="UTF-8"?>
<testsuite xmlns:xsi="http://www.w3.org/2001/XMLSchema-instance" xsi:noNamespaceSchemaLocation="https://maven.apache.org/surefire/maven-surefire-plugin/xsd/surefire-test-report.xsd" name="com.example.login.LoginApplicationTests" time="5.29" tests="1" errors="0" skipped="0" failures="0">
  <properties>
    <property name="java.specification.version" value="17"/>
    <property name="sun.jnu.encoding" value="UTF-8"/>
    <property name="java.class.path" value="/Users/preethiprakash/Documents/2024-2025/AdvancedSWEFinal/communitycompass-client/login/target/test-classes:/Users/preethiprakash/Documents/2024-2025/AdvancedSWEFinal/communitycompass-client/login/target/classes:/Users/preethiprakash/.m2/repository/com/mysql/mysql-connector-j/8.0.33/mysql-connector-j-8.0.33.jar:/Users/preethiprakash/.m2/repository/com/google/cloud/sql/mysql-socket-factory/1.10.0/mysql-socket-factory-1.10.0.jar:/Users/preethiprakash/.m2/repository/com/google/cloud/sql/jdbc-socket-factory-core/1.10.0/jdbc-socket-factory-core-1.10.0.jar:/Users/preethiprakash/.m2/repository/dev/failsafe/failsafe/3.3.0/failsafe-3.3.0.jar:/Users/preethiprakash/.m2/repository/com/github/jnr/jnr-unixsocket/0.38.19/jnr-unixsocket-0.38.19.jar:/Users/preethiprakash/.m2/repository/com/github/jnr/jnr-ffi/2.2.13/jnr-ffi-2.2.13.jar:/Users/preethiprakash/.m2/repository/com/github/jnr/jffi/1.3.10/jffi-1.3.10.jar:/Users/preethiprakash/.m2/repository/com/github/jnr/jffi/1.3.10/jffi-1.3.10-native.jar:/Users/preethiprakash/.m2/repository/org/ow2/asm/asm-commons/9.2/asm-commons-9.2.jar:/Users/preethiprakash/.m2/repository/com/github/jnr/jnr-a64asm/1.0.0/jnr-a64asm-1.0.0.jar:/Users/preethiprakash/.m2/repository/com/github/jnr/jnr-x86asm/1.0.2/jnr-x86asm-1.0.2.jar:/Users/preethiprakash/.m2/repository/com/github/jnr/jnr-constants/0.10.4/jnr-constants-0.10.4.jar:/Users/preethiprakash/.m2/repository/com/github/jnr/jnr-enxio/0.32.14/jnr-enxio-0.32.14.jar:/Users/preethiprakash/.m2/repository/com/github/jnr/jnr-posix/3.1.16/jnr-posix-3.1.16.jar:/Users/preethiprakash/.m2/repository/org/ow2/asm/asm-util/9.4/asm-util-9.4.jar:/Users/preethiprakash/.m2/repository/org/ow2/asm/asm/9.4/asm-9.4.jar:/Users/preethiprakash/.m2/repository/org/ow2/asm/asm-tree/9.4/asm-tree-9.4.jar:/Users/preethiprakash/.m2/repository/org/ow2/asm/asm-analysis/9.4/asm-analysis-9.4.jar:/Users/preethiprakash/.m2/repository/com/google/http-client/google-http-client/1.42.3/google-http-client-1.42.3.jar:/Users/preethiprakash/.m2/repository/org/apache/httpcomponents/httpclient/4.5.14/httpclient-4.5.14.jar:/Users/preethiprakash/.m2/repository/org/apache/httpcomponents/httpcore/4.4.16/httpcore-4.4.16.jar:/Users/preethiprakash/.m2/repository/io/opencensus/opencensus-api/0.31.1/opencensus-api-0.31.1.jar:/Users/preethiprakash/.m2/repository/io/grpc/grpc-context/1.27.2/grpc-context-1.27.2.jar:/Users/preethiprakash/.m2/repository/io/opencensus/opencensus-contrib-http-util/0.31.1/opencensus-contrib-http-util-0.31.1.jar:/Users/preethiprakash/.m2/repository/com/google/errorprone/error_prone_annotations/2.16/error_prone_annotations-2.16.jar:/Users/preethiprakash/.m2/repository/com/google/http-client/google-http-client-gson/1.42.3/google-http-client-gson-1.42.3.jar:/Users/preethiprakash/.m2/repository/com/google/code/gson/gson/2.9.1/gson-2.9.1.jar:/Users/preethiprakash/.m2/repository/com/google/api-client/google-api-client/2.1.1/google-api-client-2.1.1.jar:/Users/preethiprakash/.m2/repository/commons-codec/commons-codec/1.15/commons-codec-1.15.jar:/Users/preethiprakash/.m2/repository/com/google/http-client/google-http-client-apache-v2/1.42.3/google-http-client-apache-v2-1.42.3.jar:/Users/preethiprakash/.m2/repository/org/checkerframework/checker-compat-qual/2.5.5/checker-compat-qual-2.5.5.jar:/Users/preethiprakash/.m2/repository/com/google/apis/google-api-services-sqladmin/v1beta4-rev20230111-2.0.0/google-api-services-sqladmin-v1beta4-rev20230111-2.0.0.jar:/Users/preethiprakash/.m2/repository/com/google/auth/google-auth-library-oauth2-http/1.13.0/google-auth-library-oauth2-http-1.13.0.jar:/Users/preethiprakash/.m2/repository/com/google/auto/value/auto-value-annotations/1.10/auto-value-annotations-1.10.jar:/Users/preethiprakash/.m2/repository/com/google/auth/google-auth-library-credentials/1.13.0/google-auth-library-credentials-1.13.0.jar:/Users/preethiprakash/.m2/repository/com/google/oauth-client/google-oauth-client/1.34.1/google-oauth-client-1.34.1.jar:/Users/preethiprakash/.m2/repository/com/google/api/gax/2.23.0/gax-2.23.0.jar:/Users/preethiprakash/.m2/repository/com/google/guava/guava/31.1-android/guava-31.1-android.jar:/Users/preethiprakash/.m2/repository/com/google/guava/failureaccess/1.0.1/failureaccess-1.0.1.jar:/Users/preethiprakash/.m2/repository/com/google/guava/listenablefuture/9999.0-empty-to-avoid-conflict-with-guava/listenablefuture-9999.0-empty-to-avoid-conflict-with-guava.jar:/Users/preethiprakash/.m2/repository/com/google/code/findbugs/jsr305/3.0.2/jsr305-3.0.2.jar:/Users/preethiprakash/.m2/repository/com/google/j2objc/j2objc-annotations/1.3/j2objc-annotations-1.3.jar:/Users/preethiprakash/.m2/repository/org/springframework/boot/spring-boot-starter-data-jdbc/3.0.6/spring-boot-starter-data-jdbc-3.0.6.jar:/Users/preethiprakash/.m2/repository/org/springframework/boot/spring-boot-starter-jdbc/3.0.6/spring-boot-starter-jdbc-3.0.6.jar:/Users/preethiprakash/.m2/repository/com/zaxxer/HikariCP/5.0.1/HikariCP-5.0.1.jar:/Users/preethiprakash/.m2/repository/org/springframework/spring-jdbc/6.0.8/spring-jdbc-6.0.8.jar:/Users/preethiprakash/.m2/repository/org/springframework/data/spring-data-jdbc/3.0.5/spring-data-jdbc-3.0.5.jar:/Users/preethiprakash/.m2/repository/org/springframework/data/spring-data-relational/3.0.5/spring-data-relational-3.0.5.jar:/Users/preethiprakash/.m2/repository/org/springframework/data/spring-data-commons/3.0.5/spring-data-commons-3.0.5.jar:/Users/preethiprakash/.m2/repository/org/springframework/spring-tx/6.0.8/spring-tx-6.0.8.jar:/Users/preethiprakash/.m2/repository/org/springframework/spring-context/6.0.8/spring-context-6.0.8.jar:/Users/preethiprakash/.m2/repository/org/springframework/spring-beans/6.0.8/spring-beans-6.0.8.jar:/Users/preethiprakash/.m2/repository/org/slf4j/slf4j-api/2.0.7/slf4j-api-2.0.7.jar:/Users/preethiprakash/.m2/repository/org/springframework/boot/spring-boot-starter-data-jpa/3.0.6/spring-boot-starter-data-jpa-3.0.6.jar:/Users/preethiprakash/.m2/repository/org/springframework/boot/spring-boot-starter-aop/3.0.6/spring-boot-starter-aop-3.0.6.jar:/Users/preethiprakash/.m2/repository/org/springframework/spring-aop/6.0.8/spring-aop-6.0.8.jar:/Users/preethiprakash/.m2/repository/org/aspectj/aspectjweaver/1.9.19/aspectjweaver-1.9.19.jar:/Users/preethiprakash/.m2/repository/org/hibernate/orm/hibernate-core/6.1.7.Final/hibernate-core-6.1.7.Final.jar:/Users/preethiprakash/.m2/repository/jakarta/persistence/jakarta.persistence-api/3.1.0/jakarta.persistence-api-3.1.0.jar:/Users/preethiprakash/.m2/repository/jakarta/transaction/jakarta.transaction-api/2.0.1/jakarta.transaction-api-2.0.1.jar:/Users/preethiprakash/.m2/repository/org/jboss/logging/jboss-logging/3.5.0.Final/jboss-logging-3.5.0.Final.jar:/Users/preethiprakash/.m2/repository/org/hibernate/common/hibernate-commons-annotations/6.0.6.Final/hibernate-commons-annotations-6.0.6.Final.jar:/Users/preethiprakash/.m2/repository/org/jboss/jandex/2.4.2.Final/jandex-2.4.2.Final.jar:/Users/preethiprakash/.m2/repository/com/fasterxml/classmate/1.5.1/classmate-1.5.1.jar:/Users/preethiprakash/.m2/repository/net/bytebuddy/byte-buddy/1.12.23/byte-buddy-1.12.23.jar:/Users/preethiprakash/.m2/repository/org/glassfish/jaxb/jaxb-runtime/4.0.2/jaxb-runtime-4.0.2.jar:/Users/preethiprakash/.m2/repository/org/glassfish/jaxb/jaxb-core/4.0.2/jaxb-core-4.0.2.jar:/Users/preethiprakash/.m2/repository/org/eclipse/angus/angus-activation/2.0.0/angus-activation-2.0.0.jar:/Users/preethiprakash/.m2/repository/org/glassfish/jaxb/txw2/4.0.2/txw2-4.0.2.jar:/Users/preethiprakash/.m2/repository/com/sun/istack/istack-commons-runtime/4.1.1/istack-commons-runtime-4.1.1.jar:/Users/preethiprakash/.m2/repository/jakarta/inject/jakarta.inject-api/2.0.0/jakarta.inject-api-2.0.0.jar:/Users/preethiprakash/.m2/repository/org/antlr/antlr4-runtime/4.10.1/antlr4-runtime-4.10.1.jar:/Users/preethiprakash/.m2/repository/org/springframework/data/spring-data-jpa/3.0.5/spring-data-jpa-3.0.5.jar:/Users/preethiprakash/.m2/repository/org/springframework/spring-orm/6.0.8/spring-orm-6.0.8.jar:/Users/preethiprakash/.m2/repository/jakarta/annotation/jakarta.annotation-api/2.1.1/jakarta.annotation-api-2.1.1.jar:/Users/preethiprakash/.m2/repository/org/springframework/spring-aspects/6.0.8/spring-aspects-6.0.8.jar:/Users/preethiprakash/.m2/repository/org/springframework/boot/spring-boot-starter-web/3.0.6/spring-boot-starter-web-3.0.6.jar:/Users/preethiprakash/.m2/repository/org/springframework/boot/spring-boot-starter/3.0.6/spring-boot-starter-3.0.6.jar:/Users/preethiprakash/.m2/repository/org/springframework/boot/spring-boot/3.0.6/spring-boot-3.0.6.jar:/Users/preethiprakash/.m2/repository/org/springframework/boot/spring-boot-autoconfigure/3.0.6/spring-boot-autoconfigure-3.0.6.jar:/Users/preethiprakash/.m2/repository/org/springframework/boot/spring-boot-starter-logging/3.0.6/spring-boot-starter-logging-3.0.6.jar:/Users/preethiprakash/.m2/repository/ch/qos/logback/logback-classic/1.4.7/logback-classic-1.4.7.jar:/Users/preethiprakash/.m2/repository/ch/qos/logback/logback-core/1.4.7/logback-core-1.4.7.jar:/Users/preethiprakash/.m2/repository/org/apache/logging/log4j/log4j-to-slf4j/2.19.0/log4j-to-slf4j-2.19.0.jar:/Users/preethiprakash/.m2/repository/org/apache/logging/log4j/log4j-api/2.19.0/log4j-api-2.19.0.jar:/Users/preethiprakash/.m2/repository/org/slf4j/jul-to-slf4j/2.0.7/jul-to-slf4j-2.0.7.jar:/Users/preethiprakash/.m2/repository/org/yaml/snakeyaml/1.33/snakeyaml-1.33.jar:/Users/preethiprakash/.m2/repository/org/springframework/boot/spring-boot-starter-json/3.0.6/spring-boot-starter-json-3.0.6.jar:/Users/preethiprakash/.m2/repository/com/fasterxml/jackson/core/jackson-databind/2.14.2/jackson-databind-2.14.2.jar:/Users/preethiprakash/.m2/repository/com/fasterxml/jackson/core/jackson-annotations/2.14.2/jackson-annotations-2.14.2.jar:/Users/preethiprakash/.m2/repository/com/fasterxml/jackson/core/jackson-core/2.14.2/jackson-core-2.14.2.jar:/Users/preethiprakash/.m2/repository/com/fasterxml/jackson/datatype/jackson-datatype-jdk8/2.14.2/jackson-datatype-jdk8-2.14.2.jar:/Users/preethiprakash/.m2/repository/com/fasterxml/jackson/datatype/jackson-datatype-jsr310/2.14.2/jackson-datatype-jsr310-2.14.2.jar:/Users/preethiprakash/.m2/repository/com/fasterxml/jackson/module/jackson-module-parameter-names/2.14.2/jackson-module-parameter-names-2.14.2.jar:/Users/preethiprakash/.m2/repository/org/springframework/boot/spring-boot-starter-tomcat/3.0.6/spring-boot-starter-tomcat-3.0.6.jar:/Users/preethiprakash/.m2/repository/org/apache/tomcat/embed/tomcat-embed-core/10.1.8/tomcat-embed-core-10.1.8.jar:/Users/preethiprakash/.m2/repository/org/apache/tomcat/embed/tomcat-embed-el/10.1.8/tomcat-embed-el-10.1.8.jar:/Users/preethiprakash/.m2/repository/org/apache/tomcat/embed/tomcat-embed-websocket/10.1.8/tomcat-embed-websocket-10.1.8.jar:/Users/preethiprakash/.m2/repository/org/springframework/spring-web/6.0.8/spring-web-6.0.8.jar:/Users/preethiprakash/.m2/repository/io/micrometer/micrometer-observation/1.10.6/micrometer-observation-1.10.6.jar:/Users/preethiprakash/.m2/repository/io/micrometer/micrometer-commons/1.10.6/micrometer-commons-1.10.6.jar:/Users/preethiprakash/.m2/repository/org/springframework/spring-webmvc/6.0.8/spring-webmvc-6.0.8.jar:/Users/preethiprakash/.m2/repository/org/springframework/spring-expression/6.0.8/spring-expression-6.0.8.jar:/Users/preethiprakash/.m2/repository/org/postgresql/postgresql/42.5.4/postgresql-42.5.4.jar:/Users/preethiprakash/.m2/repository/org/checkerframework/checker-qual/3.5.0/checker-qual-3.5.0.jar:/Users/preethiprakash/.m2/repository/org/projectlombok/lombok/1.18.30/lombok-1.18.30.jar:/Users/preethiprakash/.m2/repository/org/springframework/boot/spring-boot-starter-test/3.0.6/spring-boot-starter-test-3.0.6.jar:/Users/preethiprakash/.m2/repository/org/springframework/boot/spring-boot-test/3.0.6/spring-boot-test-3.0.6.jar:/Users/preethiprakash/.m2/repository/org/springframework/boot/spring-boot-test-autoconfigure/3.0.6/spring-boot-test-autoconfigure-3.0.6.jar:/Users/preethiprakash/.m2/repository/com/jayway/jsonpath/json-path/2.7.0/json-path-2.7.0.jar:/Users/preethiprakash/.m2/repository/net/minidev/json-smart/2.4.10/json-smart-2.4.10.jar:/Users/preethiprakash/.m2/repository/net/minidev/accessors-smart/2.4.9/accessors-smart-2.4.9.jar:/Users/preethiprakash/.m2/repository/jakarta/xml/bind/jakarta.xml.bind-api/4.0.0/jakarta.xml.bind-api-4.0.0.jar:/Users/preethiprakash/.m2/repository/jakarta/activation/jakarta.activation-api/2.1.1/jakarta.activation-api-2.1.1.jar:/Users/preethiprakash/.m2/repository/org/assertj/assertj-core/3.23.1/assertj-core-3.23.1.jar:/Users/preethiprakash/.m2/repository/org/hamcrest/hamcrest/2.2/hamcrest-2.2.jar:/Users/preethiprakash/.m2/repository/org/junit/jupiter/junit-jupiter/5.9.2/junit-jupiter-5.9.2.jar:/Users/preethiprakash/.m2/repository/org/junit/jupiter/junit-jupiter-api/5.9.2/junit-jupiter-api-5.9.2.jar:/Users/preethiprakash/.m2/repository/org/opentest4j/opentest4j/1.2.0/opentest4j-1.2.0.jar:/Users/preethiprakash/.m2/repository/org/junit/platform/junit-platform-commons/1.9.2/junit-platform-commons-1.9.2.jar:/Users/preethiprakash/.m2/repository/org/apiguardian/apiguardian-api/1.1.2/apiguardian-api-1.1.2.jar:/Users/preethiprakash/.m2/repository/org/junit/jupiter/junit-jupiter-params/5.9.2/junit-jupiter-params-5.9.2.jar:/Users/preethiprakash/.m2/repository/org/junit/jupiter/junit-jupiter-engine/5.9.2/junit-jupiter-engine-5.9.2.jar:/Users/preethiprakash/.m2/repository/org/junit/platform/junit-platform-engine/1.9.2/junit-platform-engine-1.9.2.jar:/Users/preethiprakash/.m2/repository/org/mockito/mockito-core/4.8.1/mockito-core-4.8.1.jar:/Users/preethiprakash/.m2/repository/net/bytebuddy/byte-buddy-agent/1.12.23/byte-buddy-agent-1.12.23.jar:/Users/preethiprakash/.m2/repository/org/objenesis/objenesis/3.2/objenesis-3.2.jar:/Users/preethiprakash/.m2/repository/org/mockito/mockito-junit-jupiter/4.8.1/mockito-junit-jupiter-4.8.1.jar:/Users/preethiprakash/.m2/repository/org/skyscreamer/jsonassert/1.5.1/jsonassert-1.5.1.jar:/Users/preethiprakash/.m2/repository/com/vaadin/external/google/android-json/0.0.20131108.vaadin1/android-json-0.0.20131108.vaadin1.jar:/Users/preethiprakash/.m2/repository/org/springframework/spring-core/6.0.8/spring-core-6.0.8.jar:/Users/preethiprakash/.m2/repository/org/springframework/spring-jcl/6.0.8/spring-jcl-6.0.8.jar:/Users/preethiprakash/.m2/repository/org/springframework/spring-test/6.0.8/spring-test-6.0.8.jar:/Users/preethiprakash/.m2/repository/org/xmlunit/xmlunit-core/2.9.1/xmlunit-core-2.9.1.jar:"/>
    <property name="java.vm.vendor" value="Homebrew"/>
    <property name="sun.arch.data.model" value="64"/>
    <property name="java.vendor.url" value="https://github.com/Homebrew/homebrew-core/issues"/>
    <property name="os.name" value="Mac OS X"/>
    <property name="java.vm.specification.version" value="17"/>
    <property name="sun.java.launcher" value="SUN_STANDARD"/>
    <property name="user.country" value="US"/>
    <property name="sun.boot.library.path" value="/opt/homebrew/Cellar/openjdk@17/17.0.12/libexec/openjdk.jdk/Contents/Home/lib"/>
    <property name="sun.java.command" value="/Users/preethiprakash/Documents/2024-2025/AdvancedSWEFinal/communitycompass-client/login/target/surefire/surefirebooter10907248357612783292.jar /Users/preethiprakash/Documents/2024-2025/AdvancedSWEFinal/communitycompass-client/login/target/surefire 2024-11-09T14-54-27_941-jvmRun1 surefire3022394289367082146tmp surefire_04896743824741196540tmp"/>
    <property name="http.nonProxyHosts" value="local|*.local|169.254/16|*.169.254/16"/>
    <property name="jdk.debug" value="release"/>
    <property name="surefire.test.class.path" value="/Users/preethiprakash/Documents/2024-2025/AdvancedSWEFinal/communitycompass-client/login/target/test-classes:/Users/preethiprakash/Documents/2024-2025/AdvancedSWEFinal/communitycompass-client/login/target/classes:/Users/preethiprakash/.m2/repository/com/mysql/mysql-connector-j/8.0.33/mysql-connector-j-8.0.33.jar:/Users/preethiprakash/.m2/repository/com/google/cloud/sql/mysql-socket-factory/1.10.0/mysql-socket-factory-1.10.0.jar:/Users/preethiprakash/.m2/repository/com/google/cloud/sql/jdbc-socket-factory-core/1.10.0/jdbc-socket-factory-core-1.10.0.jar:/Users/preethiprakash/.m2/repository/dev/failsafe/failsafe/3.3.0/failsafe-3.3.0.jar:/Users/preethiprakash/.m2/repository/com/github/jnr/jnr-unixsocket/0.38.19/jnr-unixsocket-0.38.19.jar:/Users/preethiprakash/.m2/repository/com/github/jnr/jnr-ffi/2.2.13/jnr-ffi-2.2.13.jar:/Users/preethiprakash/.m2/repository/com/github/jnr/jffi/1.3.10/jffi-1.3.10.jar:/Users/preethiprakash/.m2/repository/com/github/jnr/jffi/1.3.10/jffi-1.3.10-native.jar:/Users/preethiprakash/.m2/repository/org/ow2/asm/asm-commons/9.2/asm-commons-9.2.jar:/Users/preethiprakash/.m2/repository/com/github/jnr/jnr-a64asm/1.0.0/jnr-a64asm-1.0.0.jar:/Users/preethiprakash/.m2/repository/com/github/jnr/jnr-x86asm/1.0.2/jnr-x86asm-1.0.2.jar:/Users/preethiprakash/.m2/repository/com/github/jnr/jnr-constants/0.10.4/jnr-constants-0.10.4.jar:/Users/preethiprakash/.m2/repository/com/github/jnr/jnr-enxio/0.32.14/jnr-enxio-0.32.14.jar:/Users/preethiprakash/.m2/repository/com/github/jnr/jnr-posix/3.1.16/jnr-posix-3.1.16.jar:/Users/preethiprakash/.m2/repository/org/ow2/asm/asm-util/9.4/asm-util-9.4.jar:/Users/preethiprakash/.m2/repository/org/ow2/asm/asm/9.4/asm-9.4.jar:/Users/preethiprakash/.m2/repository/org/ow2/asm/asm-tree/9.4/asm-tree-9.4.jar:/Users/preethiprakash/.m2/repository/org/ow2/asm/asm-analysis/9.4/asm-analysis-9.4.jar:/Users/preethiprakash/.m2/repository/com/google/http-client/google-http-client/1.42.3/google-http-client-1.42.3.jar:/Users/preethiprakash/.m2/repository/org/apache/httpcomponents/httpclient/4.5.14/httpclient-4.5.14.jar:/Users/preethiprakash/.m2/repository/org/apache/httpcomponents/httpcore/4.4.16/httpcore-4.4.16.jar:/Users/preethiprakash/.m2/repository/io/opencensus/opencensus-api/0.31.1/opencensus-api-0.31.1.jar:/Users/preethiprakash/.m2/repository/io/grpc/grpc-context/1.27.2/grpc-context-1.27.2.jar:/Users/preethiprakash/.m2/repository/io/opencensus/opencensus-contrib-http-util/0.31.1/opencensus-contrib-http-util-0.31.1.jar:/Users/preethiprakash/.m2/repository/com/google/errorprone/error_prone_annotations/2.16/error_prone_annotations-2.16.jar:/Users/preethiprakash/.m2/repository/com/google/http-client/google-http-client-gson/1.42.3/google-http-client-gson-1.42.3.jar:/Users/preethiprakash/.m2/repository/com/google/code/gson/gson/2.9.1/gson-2.9.1.jar:/Users/preethiprakash/.m2/repository/com/google/api-client/google-api-client/2.1.1/google-api-client-2.1.1.jar:/Users/preethiprakash/.m2/repository/commons-codec/commons-codec/1.15/commons-codec-1.15.jar:/Users/preethiprakash/.m2/repository/com/google/http-client/google-http-client-apache-v2/1.42.3/google-http-client-apache-v2-1.42.3.jar:/Users/preethiprakash/.m2/repository/org/checkerframework/checker-compat-qual/2.5.5/checker-compat-qual-2.5.5.jar:/Users/preethiprakash/.m2/repository/com/google/apis/google-api-services-sqladmin/v1beta4-rev20230111-2.0.0/google-api-services-sqladmin-v1beta4-rev20230111-2.0.0.jar:/Users/preethiprakash/.m2/repository/com/google/auth/google-auth-library-oauth2-http/1.13.0/google-auth-library-oauth2-http-1.13.0.jar:/Users/preethiprakash/.m2/repository/com/google/auto/value/auto-value-annotations/1.10/auto-value-annotations-1.10.jar:/Users/preethiprakash/.m2/repository/com/google/auth/google-auth-library-credentials/1.13.0/google-auth-library-credentials-1.13.0.jar:/Users/preethiprakash/.m2/repository/com/google/oauth-client/google-oauth-client/1.34.1/google-oauth-client-1.34.1.jar:/Users/preethiprakash/.m2/repository/com/google/api/gax/2.23.0/gax-2.23.0.jar:/Users/preethiprakash/.m2/repository/com/google/guava/guava/31.1-android/guava-31.1-android.jar:/Users/preethiprakash/.m2/repository/com/google/guava/failureaccess/1.0.1/failureaccess-1.0.1.jar:/Users/preethiprakash/.m2/repository/com/google/guava/listenablefuture/9999.0-empty-to-avoid-conflict-with-guava/listenablefuture-9999.0-empty-to-avoid-conflict-with-guava.jar:/Users/preethiprakash/.m2/repository/com/google/code/findbugs/jsr305/3.0.2/jsr305-3.0.2.jar:/Users/preethiprakash/.m2/repository/com/google/j2objc/j2objc-annotations/1.3/j2objc-annotations-1.3.jar:/Users/preethiprakash/.m2/repository/org/springframework/boot/spring-boot-starter-data-jdbc/3.0.6/spring-boot-starter-data-jdbc-3.0.6.jar:/Users/preethiprakash/.m2/repository/org/springframework/boot/spring-boot-starter-jdbc/3.0.6/spring-boot-starter-jdbc-3.0.6.jar:/Users/preethiprakash/.m2/repository/com/zaxxer/HikariCP/5.0.1/HikariCP-5.0.1.jar:/Users/preethiprakash/.m2/repository/org/springframework/spring-jdbc/6.0.8/spring-jdbc-6.0.8.jar:/Users/preethiprakash/.m2/repository/org/springframework/data/spring-data-jdbc/3.0.5/spring-data-jdbc-3.0.5.jar:/Users/preethiprakash/.m2/repository/org/springframework/data/spring-data-relational/3.0.5/spring-data-relational-3.0.5.jar:/Users/preethiprakash/.m2/repository/org/springframework/data/spring-data-commons/3.0.5/spring-data-commons-3.0.5.jar:/Users/preethiprakash/.m2/repository/org/springframework/spring-tx/6.0.8/spring-tx-6.0.8.jar:/Users/preethiprakash/.m2/repository/org/springframework/spring-context/6.0.8/spring-context-6.0.8.jar:/Users/preethiprakash/.m2/repository/org/springframework/spring-beans/6.0.8/spring-beans-6.0.8.jar:/Users/preethiprakash/.m2/repository/org/slf4j/slf4j-api/2.0.7/slf4j-api-2.0.7.jar:/Users/preethiprakash/.m2/repository/org/springframework/boot/spring-boot-starter-data-jpa/3.0.6/spring-boot-starter-data-jpa-3.0.6.jar:/Users/preethiprakash/.m2/repository/org/springframework/boot/spring-boot-starter-aop/3.0.6/spring-boot-starter-aop-3.0.6.jar:/Users/preethiprakash/.m2/repository/org/springframework/spring-aop/6.0.8/spring-aop-6.0.8.jar:/Users/preethiprakash/.m2/repository/org/aspectj/aspectjweaver/1.9.19/aspectjweaver-1.9.19.jar:/Users/preethiprakash/.m2/repository/org/hibernate/orm/hibernate-core/6.1.7.Final/hibernate-core-6.1.7.Final.jar:/Users/preethiprakash/.m2/repository/jakarta/persistence/jakarta.persistence-api/3.1.0/jakarta.persistence-api-3.1.0.jar:/Users/preethiprakash/.m2/repository/jakarta/transaction/jakarta.transaction-api/2.0.1/jakarta.transaction-api-2.0.1.jar:/Users/preethiprakash/.m2/repository/org/jboss/logging/jboss-logging/3.5.0.Final/jboss-logging-3.5.0.Final.jar:/Users/preethiprakash/.m2/repository/org/hibernate/common/hibernate-commons-annotations/6.0.6.Final/hibernate-commons-annotations-6.0.6.Final.jar:/Users/preethiprakash/.m2/repository/org/jboss/jandex/2.4.2.Final/jandex-2.4.2.Final.jar:/Users/preethiprakash/.m2/repository/com/fasterxml/classmate/1.5.1/classmate-1.5.1.jar:/Users/preethiprakash/.m2/repository/net/bytebuddy/byte-buddy/1.12.23/byte-buddy-1.12.23.jar:/Users/preethiprakash/.m2/repository/org/glassfish/jaxb/jaxb-runtime/4.0.2/jaxb-runtime-4.0.2.jar:/Users/preethiprakash/.m2/repository/org/glassfish/jaxb/jaxb-core/4.0.2/jaxb-core-4.0.2.jar:/Users/preethiprakash/.m2/repository/org/eclipse/angus/angus-activation/2.0.0/angus-activation-2.0.0.jar:/Users/preethiprakash/.m2/repository/org/glassfish/jaxb/txw2/4.0.2/txw2-4.0.2.jar:/Users/preethiprakash/.m2/repository/com/sun/istack/istack-commons-runtime/4.1.1/istack-commons-runtime-4.1.1.jar:/Users/preethiprakash/.m2/repository/jakarta/inject/jakarta.inject-api/2.0.0/jakarta.inject-api-2.0.0.jar:/Users/preethiprakash/.m2/repository/org/antlr/antlr4-runtime/4.10.1/antlr4-runtime-4.10.1.jar:/Users/preethiprakash/.m2/repository/org/springframework/data/spring-data-jpa/3.0.5/spring-data-jpa-3.0.5.jar:/Users/preethiprakash/.m2/repository/org/springframework/spring-orm/6.0.8/spring-orm-6.0.8.jar:/Users/preethiprakash/.m2/repository/jakarta/annotation/jakarta.annotation-api/2.1.1/jakarta.annotation-api-2.1.1.jar:/Users/preethiprakash/.m2/repository/org/springframework/spring-aspects/6.0.8/spring-aspects-6.0.8.jar:/Users/preethiprakash/.m2/repository/org/springframework/boot/spring-boot-starter-web/3.0.6/spring-boot-starter-web-3.0.6.jar:/Users/preethiprakash/.m2/repository/org/springframework/boot/spring-boot-starter/3.0.6/spring-boot-starter-3.0.6.jar:/Users/preethiprakash/.m2/repository/org/springframework/boot/spring-boot/3.0.6/spring-boot-3.0.6.jar:/Users/preethiprakash/.m2/repository/org/springframework/boot/spring-boot-autoconfigure/3.0.6/spring-boot-autoconfigure-3.0.6.jar:/Users/preethiprakash/.m2/repository/org/springframework/boot/spring-boot-starter-logging/3.0.6/spring-boot-starter-logging-3.0.6.jar:/Users/preethiprakash/.m2/repository/ch/qos/logback/logback-classic/1.4.7/logback-classic-1.4.7.jar:/Users/preethiprakash/.m2/repository/ch/qos/logback/logback-core/1.4.7/logback-core-1.4.7.jar:/Users/preethiprakash/.m2/repository/org/apache/logging/log4j/log4j-to-slf4j/2.19.0/log4j-to-slf4j-2.19.0.jar:/Users/preethiprakash/.m2/repository/org/apache/logging/log4j/log4j-api/2.19.0/log4j-api-2.19.0.jar:/Users/preethiprakash/.m2/repository/org/slf4j/jul-to-slf4j/2.0.7/jul-to-slf4j-2.0.7.jar:/Users/preethiprakash/.m2/repository/org/yaml/snakeyaml/1.33/snakeyaml-1.33.jar:/Users/preethiprakash/.m2/repository/org/springframework/boot/spring-boot-starter-json/3.0.6/spring-boot-starter-json-3.0.6.jar:/Users/preethiprakash/.m2/repository/com/fasterxml/jackson/core/jackson-databind/2.14.2/jackson-databind-2.14.2.jar:/Users/preethiprakash/.m2/repository/com/fasterxml/jackson/core/jackson-annotations/2.14.2/jackson-annotations-2.14.2.jar:/Users/preethiprakash/.m2/repository/com/fasterxml/jackson/core/jackson-core/2.14.2/jackson-core-2.14.2.jar:/Users/preethiprakash/.m2/repository/com/fasterxml/jackson/datatype/jackson-datatype-jdk8/2.14.2/jackson-datatype-jdk8-2.14.2.jar:/Users/preethiprakash/.m2/repository/com/fasterxml/jackson/datatype/jackson-datatype-jsr310/2.14.2/jackson-datatype-jsr310-2.14.2.jar:/Users/preethiprakash/.m2/repository/com/fasterxml/jackson/module/jackson-module-parameter-names/2.14.2/jackson-module-parameter-names-2.14.2.jar:/Users/preethiprakash/.m2/repository/org/springframework/boot/spring-boot-starter-tomcat/3.0.6/spring-boot-starter-tomcat-3.0.6.jar:/Users/preethiprakash/.m2/repository/org/apache/tomcat/embed/tomcat-embed-core/10.1.8/tomcat-embed-core-10.1.8.jar:/Users/preethiprakash/.m2/repository/org/apache/tomcat/embed/tomcat-embed-el/10.1.8/tomcat-embed-el-10.1.8.jar:/Users/preethiprakash/.m2/repository/org/apache/tomcat/embed/tomcat-embed-websocket/10.1.8/tomcat-embed-websocket-10.1.8.jar:/Users/preethiprakash/.m2/repository/org/springframework/spring-web/6.0.8/spring-web-6.0.8.jar:/Users/preethiprakash/.m2/repository/io/micrometer/micrometer-observation/1.10.6/micrometer-observation-1.10.6.jar:/Users/preethiprakash/.m2/repository/io/micrometer/micrometer-commons/1.10.6/micrometer-commons-1.10.6.jar:/Users/preethiprakash/.m2/repository/org/springframework/spring-webmvc/6.0.8/spring-webmvc-6.0.8.jar:/Users/preethiprakash/.m2/repository/org/springframework/spring-expression/6.0.8/spring-expression-6.0.8.jar:/Users/preethiprakash/.m2/repository/org/postgresql/postgresql/42.5.4/postgresql-42.5.4.jar:/Users/preethiprakash/.m2/repository/org/checkerframework/checker-qual/3.5.0/checker-qual-3.5.0.jar:/Users/preethiprakash/.m2/repository/org/projectlombok/lombok/1.18.30/lombok-1.18.30.jar:/Users/preethiprakash/.m2/repository/org/springframework/boot/spring-boot-starter-test/3.0.6/spring-boot-starter-test-3.0.6.jar:/Users/preethiprakash/.m2/repository/org/springframework/boot/spring-boot-test/3.0.6/spring-boot-test-3.0.6.jar:/Users/preethiprakash/.m2/repository/org/springframework/boot/spring-boot-test-autoconfigure/3.0.6/spring-boot-test-autoconfigure-3.0.6.jar:/Users/preethiprakash/.m2/repository/com/jayway/jsonpath/json-path/2.7.0/json-path-2.7.0.jar:/Users/preethiprakash/.m2/repository/net/minidev/json-smart/2.4.10/json-smart-2.4.10.jar:/Users/preethiprakash/.m2/repository/net/minidev/accessors-smart/2.4.9/accessors-smart-2.4.9.jar:/Users/preethiprakash/.m2/repository/jakarta/xml/bind/jakarta.xml.bind-api/4.0.0/jakarta.xml.bind-api-4.0.0.jar:/Users/preethiprakash/.m2/repository/jakarta/activation/jakarta.activation-api/2.1.1/jakarta.activation-api-2.1.1.jar:/Users/preethiprakash/.m2/repository/org/assertj/assertj-core/3.23.1/assertj-core-3.23.1.jar:/Users/preethiprakash/.m2/repository/org/hamcrest/hamcrest/2.2/hamcrest-2.2.jar:/Users/preethiprakash/.m2/repository/org/junit/jupiter/junit-jupiter/5.9.2/junit-jupiter-5.9.2.jar:/Users/preethiprakash/.m2/repository/org/junit/jupiter/junit-jupiter-api/5.9.2/junit-jupiter-api-5.9.2.jar:/Users/preethiprakash/.m2/repository/org/opentest4j/opentest4j/1.2.0/opentest4j-1.2.0.jar:/Users/preethiprakash/.m2/repository/org/junit/platform/junit-platform-commons/1.9.2/junit-platform-commons-1.9.2.jar:/Users/preethiprakash/.m2/repository/org/apiguardian/apiguardian-api/1.1.2/apiguardian-api-1.1.2.jar:/Users/preethiprakash/.m2/repository/org/junit/jupiter/junit-jupiter-params/5.9.2/junit-jupiter-params-5.9.2.jar:/Users/preethiprakash/.m2/repository/org/junit/jupiter/junit-jupiter-engine/5.9.2/junit-jupiter-engine-5.9.2.jar:/Users/preethiprakash/.m2/repository/org/junit/platform/junit-platform-engine/1.9.2/junit-platform-engine-1.9.2.jar:/Users/preethiprakash/.m2/repository/org/mockito/mockito-core/4.8.1/mockito-core-4.8.1.jar:/Users/preethiprakash/.m2/repository/net/bytebuddy/byte-buddy-agent/1.12.23/byte-buddy-agent-1.12.23.jar:/Users/preethiprakash/.m2/repository/org/objenesis/objenesis/3.2/objenesis-3.2.jar:/Users/preethiprakash/.m2/repository/org/mockito/mockito-junit-jupiter/4.8.1/mockito-junit-jupiter-4.8.1.jar:/Users/preethiprakash/.m2/repository/org/skyscreamer/jsonassert/1.5.1/jsonassert-1.5.1.jar:/Users/preethiprakash/.m2/repository/com/vaadin/external/google/android-json/0.0.20131108.vaadin1/android-json-0.0.20131108.vaadin1.jar:/Users/preethiprakash/.m2/repository/org/springframework/spring-core/6.0.8/spring-core-6.0.8.jar:/Users/preethiprakash/.m2/repository/org/springframework/spring-jcl/6.0.8/spring-jcl-6.0.8.jar:/Users/preethiprakash/.m2/repository/org/springframework/spring-test/6.0.8/spring-test-6.0.8.jar:/Users/preethiprakash/.m2/repository/org/xmlunit/xmlunit-core/2.9.1/xmlunit-core-2.9.1.jar:"/>
    <property name="sun.cpu.endian" value="little"/>
    <property name="user.home" value="/Users/preethiprakash"/>
    <property name="user.language" value="en"/>
    <property name="java.specification.vendor" value="Oracle Corporation"/>
    <property name="java.version.date" value="2024-07-16"/>
    <property name="java.home" value="/opt/homebrew/Cellar/openjdk@17/17.0.12/libexec/openjdk.jdk/Contents/Home"/>
    <property name="file.separator" value="/"/>
    <property name="basedir" value="/Users/preethiprakash/Documents/2024-2025/AdvancedSWEFinal/communitycompass-client/login"/>
    <property name="java.vm.compressedOopsMode" value="Zero based"/>
    <property name="line.separator" value="&#10;"/>
    <property name="java.specification.name" value="Java Platform API Specification"/>
    <property name="java.vm.specification.vendor" value="Oracle Corporation"/>
    <property name="surefire.real.class.path" value="/Users/preethiprakash/Documents/2024-2025/AdvancedSWEFinal/communitycompass-client/login/target/surefire/surefirebooter10907248357612783292.jar"/>
    <property name="sun.management.compiler" value="HotSpot 64-Bit Tiered Compilers"/>
    <property name="ftp.nonProxyHosts" value="local|*.local|169.254/16|*.169.254/16"/>
    <property name="java.runtime.version" value="17.0.12+0"/>
    <property name="user.name" value="preethiprakash"/>
    <property name="path.separator" value=":"/>
    <property name="os.version" value="12.4"/>
    <property name="java.runtime.name" value="OpenJDK Runtime Environment"/>
    <property name="file.encoding" value="UTF-8"/>
    <property name="java.vm.name" value="OpenJDK 64-Bit Server VM"/>
    <property name="java.vendor.version" value="Homebrew"/>
    <property name="localRepository" value="/Users/preethiprakash/.m2/repository"/>
    <property name="java.vendor.url.bug" value="https://github.com/Homebrew/homebrew-core/issues"/>
    <property name="java.io.tmpdir" value="/var/folders/t8/7m18pp75723gngk5yh36db400000gn/T/"/>
    <property name="java.version" value="17.0.12"/>
    <property name="user.dir" value="/Users/preethiprakash/Documents/2024-2025/AdvancedSWEFinal/communitycompass-client/login"/>
    <property name="os.arch" value="aarch64"/>
    <property name="java.vm.specification.name" value="Java Virtual Machine Specification"/>
    <property name="native.encoding" value="UTF-8"/>
    <property name="java.library.path" value="/Users/preethiprakash/Library/Java/Extensions:/Library/Java/Extensions:/Network/Library/Java/Extensions:/System/Library/Java/Extensions:/usr/lib/java:."/>
    <property name="java.vm.info" value="mixed mode, sharing"/>
    <property name="java.vendor" value="Homebrew"/>
    <property name="java.vm.version" value="17.0.12+0"/>
    <property name="sun.io.unicode.encoding" value="UnicodeBig"/>
    <property name="socksNonProxyHosts" value="local|*.local|169.254/16|*.169.254/16"/>
    <property name="java.class.version" value="61.0"/>
  </properties>
  <testcase name="contextLoads" classname="com.example.login.LoginApplicationTests" time="0.22"/>
</testsuite>